<?xml version="1.0" encoding="UTF-8"?>
<!-- Generated by org.testng.reporters.JUnitXMLReporter -->
<testsuite ignored="1" hostname="DESKTOP-BB0HM8L" failures="0" tests="1" name="Default test" time="22.553" errors="0" timestamp="2024-04-26T09:16:30 IST">
  <testcase classname="testcases.VerifyResgistrationTestCases" name="verifyRegisterationWithValidData" time="12.586"/>
  <testcase classname="testcases.VerifyResgistrationTestCases" name="verifyRegisterationWithInValidData" time="0.0">
    <ignored/>
  </testcase> <!-- verifyRegisterationWithInValidData -->
</testsuite> <!-- Default test -->
